[21/04/24 08:05:05] "1.29" | /home/nik/Downloads/New English File/Elementary/Elementary Class CD 1/31 - New English File - Track 31.mp3
[21/04/24 09:21:03] "The.Wire.S02.E02.Collateral.Damage" | /home/nik/Downloads/Proslushka.S02.2003.DUAL.BDRip-AVC.AC3.-HQ-ViDEO/Proslushka.S02.E02.2003.DUAL.BDRip-AVC.AC3.-HQ-ViDEO.mkv
[21/04/24 09:21:03] "The.Wire.S02.E03.Hot.Shots" | /home/nik/Downloads/Proslushka.S02.2003.DUAL.BDRip-AVC.AC3.-HQ-ViDEO/Proslushka.S02.E03.2003.DUAL.BDRip-AVC.AC3.-HQ-ViDEO.mkv
[21/04/24 09:21:04] "The.Wire.S02.E04.Hard.Cases" | /home/nik/Downloads/Proslushka.S02.2003.DUAL.BDRip-AVC.AC3.-HQ-ViDEO/Proslushka.S02.E04.2003.DUAL.BDRip-AVC.AC3.-HQ-ViDEO.mkv
[21/04/24 09:21:04] "The.Wire.S02.E05.Undertow" | /home/nik/Downloads/Proslushka.S02.2003.DUAL.BDRip-AVC.AC3.-HQ-ViDEO/Proslushka.S02.E05.2003.DUAL.BDRip-AVC.AC3.-HQ-ViDEO.mkv
[21/04/24 09:21:04] "The.Wire.S02.E06.All.Prologue" | /home/nik/Downloads/Proslushka.S02.2003.DUAL.BDRip-AVC.AC3.-HQ-ViDEO/Proslushka.S02.E06.2003.DUAL.BDRip-AVC.AC3.-HQ-ViDEO.mkv
[21/04/24 09:21:04] "The.Wire.S02.E07.Backwash" | /home/nik/Downloads/Proslushka.S02.2003.DUAL.BDRip-AVC.AC3.-HQ-ViDEO/Proslushka.S02.E07.2003.DUAL.BDRip-AVC.AC3.-HQ-ViDEO.mkv
[21/04/24 09:21:05] "The.Wire.S02.E08.Duck.And.Cover" | /home/nik/Downloads/Proslushka.S02.2003.DUAL.BDRip-AVC.AC3.-HQ-ViDEO/Proslushka.S02.E08.2003.DUAL.BDRip-AVC.AC3.-HQ-ViDEO.mkv
[21/04/24 09:21:05] "The.Wire.S02.E09.Stray.Rounds" | /home/nik/Downloads/Proslushka.S02.2003.DUAL.BDRip-AVC.AC3.-HQ-ViDEO/Proslushka.S02.E09.2003.DUAL.BDRip-AVC.AC3.-HQ-ViDEO.mkv
[21/04/24 17:27:14] "The.Wire.S02.E01.Ebb.Tide" | /home/nik/Downloads/Proslushka.S02.2003.DUAL.BDRip-AVC.AC3.-HQ-ViDEO/Proslushka.S02.E01.2003.DUAL.BDRip-AVC.AC3.-HQ-ViDEO.mkv
[22/04/24 07:38:27] "5.1 Разбор практической работы.mp4" | /home/nik/Downloads/courses/[Константин Брюханов, Дмитрий Зайцев] [Skillbox] Профессия DevOps-инженер (2023)/1 Основные курсы/DevOps-инженер. Основы/5. Continuous delivery. Работа с окружением разработки и PROD/5.1 Разбор практической работы.mp4
[22/04/24 07:42:50] "5.2 Типы деплоя blue-green deployment, canary deployment.mp4" | /home/nik/Downloads/courses/[Константин Брюханов, Дмитрий Зайцев] [Skillbox] Профессия DevOps-инженер (2023)/1 Основные курсы/DevOps-инженер. Основы/5. Continuous delivery. Работа с окружением разработки и PROD/5.2 Типы деплоя blue-green deployment, canary deployment.mp4
[23/04/24 08:56:43] "5.5 Переменные в Gitlab CI.mp4" | /home/nik/Downloads/courses/[Константин Брюханов, Дмитрий Зайцев] [Skillbox] Профессия DevOps-инженер (2023)/1 Основные курсы/DevOps-инженер. Основы/5. Continuous delivery. Работа с окружением разработки и PROD/5.5 Переменные в Gitlab CI.mp4
[23/04/24 16:50:00] "The.Wire.S02.E10.Storm.Warnings" | /home/nik/Downloads/Proslushka.S02.2003.DUAL.BDRip-AVC.AC3.-HQ-ViDEO/Proslushka.S02.E10.2003.DUAL.BDRip-AVC.AC3.-HQ-ViDEO.mkv
[23/04/24 16:50:00] "The.Wire.S02.E11.Bad.Dreams" | /home/nik/Downloads/Proslushka.S02.2003.DUAL.BDRip-AVC.AC3.-HQ-ViDEO/Proslushka.S02.E11.2003.DUAL.BDRip-AVC.AC3.-HQ-ViDEO.mkv
[23/04/24 17:15:27] "[ 28.01.2020] Открытый практикум Ansible & Docker & Nginx.mp4" | /home/nik/Downloads/courses/[Rebrain] [Fevlake] NGINX онлайн-практикум (2023)/Видео/[ 28.01.2020] Открытый практикум Ansible & Docker & Nginx.mp4
[23/04/24 18:44:09] "The.Wire.S02.E12.Port.In.A.Storm" | /home/nik/Downloads/Proslushka.S02.2003.DUAL.BDRip-AVC.AC3.-HQ-ViDEO/Proslushka.S02.E12.2003.DUAL.BDRip-AVC.AC3.-HQ-ViDEO.mkv
[24/04/24 18:48:59] "5.6 Одинаковые окружения для тестирования и продакшна.mp4" | /home/nik/Downloads/courses/[Константин Брюханов, Дмитрий Зайцев] [Skillbox] Профессия DevOps-инженер (2023)/1 Основные курсы/DevOps-инженер. Основы/5. Continuous delivery. Работа с окружением разработки и PROD/5.6 Одинаковые окружения для тестирования и продакшна.mp4
[24/04/24 18:49:30] "5.4 Откат.mp4" | /home/nik/Downloads/courses/[Константин Брюханов, Дмитрий Зайцев] [Skillbox] Профессия DevOps-инженер (2023)/1 Основные курсы/DevOps-инженер. Основы/5. Continuous delivery. Работа с окружением разработки и PROD/5.4 Откат.mp4
[24/04/24 19:00:38] "5.3 Деплоим React приложение в облако.mp4" | /home/nik/Downloads/courses/[Константин Брюханов, Дмитрий Зайцев] [Skillbox] Профессия DevOps-инженер (2023)/1 Основные курсы/DevOps-инженер. Основы/5. Continuous delivery. Работа с окружением разработки и PROD/5.3 Деплоим React приложение в облако.mp4
[25/04/24 09:07:26] "6.1 Разбор практической работы.mp4" | /home/nik/Downloads/courses/[Константин Брюханов, Дмитрий Зайцев] [Skillbox] Профессия DevOps-инженер (2023)/1 Основные курсы/DevOps-инженер. Основы/6. Инфраструктура как код (IaC)/6.1 Разбор практической работы.mp4
[25/04/24 09:12:34] "6.2 Знакомство с подходом IaC.mp4" | /home/nik/Downloads/courses/[Константин Брюханов, Дмитрий Зайцев] [Skillbox] Профессия DevOps-инженер (2023)/1 Основные курсы/DevOps-инженер. Основы/6. Инфраструктура как код (IaC)/6.2 Знакомство с подходом IaC.mp4
[25/04/24 11:53:15] "6.3 Знакомство с Terraform.mp4" | /home/nik/Downloads/courses/[Константин Брюханов, Дмитрий Зайцев] [Skillbox] Профессия DevOps-инженер (2023)/1 Основные курсы/DevOps-инженер. Основы/6. Инфраструктура как код (IaC)/6.3 Знакомство с Terraform.mp4
[25/04/24 11:57:49] "6.4 Знакомство с Ansible.mp4" | /home/nik/Downloads/courses/[Константин Брюханов, Дмитрий Зайцев] [Skillbox] Профессия DevOps-инженер (2023)/1 Основные курсы/DevOps-инженер. Основы/6. Инфраструктура как код (IaC)/6.4 Знакомство с Ansible.mp4
[25/04/24 12:13:21] "7.1 Разбор практической работы.mp4" | /home/nik/Downloads/courses/[Константин Брюханов, Дмитрий Зайцев] [Skillbox] Профессия DevOps-инженер (2023)/1 Основные курсы/DevOps-инженер. Основы/7. Виртуализация/7.1 Разбор практической работы.mp4
[25/04/24 12:17:13] "7.2 Зачем нужна виртуализация.mp4" | /home/nik/Downloads/courses/[Константин Брюханов, Дмитрий Зайцев] [Skillbox] Профессия DevOps-инженер (2023)/1 Основные курсы/DevOps-инженер. Основы/7. Виртуализация/7.2 Зачем нужна виртуализация.mp4
[25/04/24 12:20:28] "7.3 Знакомство с VirtualBox.mp4" | /home/nik/Downloads/courses/[Константин Брюханов, Дмитрий Зайцев] [Skillbox] Профессия DevOps-инженер (2023)/1 Основные курсы/DevOps-инженер. Основы/7. Виртуализация/7.3 Знакомство с VirtualBox.mp4
[25/04/24 12:21:46] "7.4 Знакомство с Vagrant.mp4" | /home/nik/Downloads/courses/[Константин Брюханов, Дмитрий Зайцев] [Skillbox] Профессия DevOps-инженер (2023)/1 Основные курсы/DevOps-инженер. Основы/7. Виртуализация/7.4 Знакомство с Vagrant.mp4
[25/04/24 12:22:09] "8.1 Разбор практической работы.mp4" | /home/nik/Downloads/courses/[Константин Брюханов, Дмитрий Зайцев] [Skillbox] Профессия DevOps-инженер (2023)/1 Основные курсы/DevOps-инженер. Основы/8. Docker/8.1 Разбор практической работы.mp4
[25/04/24 12:24:22] "8.2 Установка и настройка Docker.mp4" | /home/nik/Downloads/courses/[Константин Брюханов, Дмитрий Зайцев] [Skillbox] Профессия DevOps-инженер (2023)/1 Основные курсы/DevOps-инженер. Основы/8. Docker/8.2 Установка и настройка Docker.mp4
[25/04/24 12:29:27] "8.3 Основные команды.mp4" | /home/nik/Downloads/courses/[Константин Брюханов, Дмитрий Зайцев] [Skillbox] Профессия DevOps-инженер (2023)/1 Основные курсы/DevOps-инженер. Основы/8. Docker/8.3 Основные команды.mp4
[25/04/24 15:45:38] "8.4 Основные инструкции Dockerfile.mp4" | /home/nik/Downloads/courses/[Константин Брюханов, Дмитрий Зайцев] [Skillbox] Профессия DevOps-инженер (2023)/1 Основные курсы/DevOps-инженер. Основы/8. Docker/8.4 Основные инструкции Dockerfile.mp4
[26/04/24 15:55:01] "The.Wire.S03.E05.Straight.And.True" | /home/nik/Downloads/Proslushka.S03.2004.PROPER.TRIPLE.BDRip-AVC.AC3.-HQ-ViDEO/Proslushka.S03.E05.2004.TRIPLE.BDRip-AVC.AC3.-HQ-ViDEO.mkv
[06/05/24 22:41:24] "Code_Geass_Lelouch_of_the_Rebellion_[13]_[AniLibria_TV]_[BDRip_1080p_HEVC].mkv" | /home/nik/Downloads/Code Geass R1 - AniLibria.TV [BDRip 1080p HEVC]/Code_Geass_Lelouch_of_the_Rebellion_[13]_[AniLibria_TV]_[BDRip_1080p_HEVC].mkv
[06/05/24 22:41:24] "Code_Geass_Lelouch_of_the_Rebellion_[14]_[AniLibria_TV]_[BDRip_1080p_HEVC].mkv" | /home/nik/Downloads/Code Geass R1 - AniLibria.TV [BDRip 1080p HEVC]/Code_Geass_Lelouch_of_the_Rebellion_[14]_[AniLibria_TV]_[BDRip_1080p_HEVC].mkv
[06/05/24 22:41:24] "Code_Geass_Lelouch_of_the_Rebellion_[15]_[AniLibria_TV]_[BDRip_1080p_HEVC].mkv" | /home/nik/Downloads/Code Geass R1 - AniLibria.TV [BDRip 1080p HEVC]/Code_Geass_Lelouch_of_the_Rebellion_[15]_[AniLibria_TV]_[BDRip_1080p_HEVC].mkv
[06/05/24 22:41:25] "Code_Geass_Lelouch_of_the_Rebellion_[16]_[AniLibria_TV]_[BDRip_1080p_HEVC].mkv" | /home/nik/Downloads/Code Geass R1 - AniLibria.TV [BDRip 1080p HEVC]/Code_Geass_Lelouch_of_the_Rebellion_[16]_[AniLibria_TV]_[BDRip_1080p_HEVC].mkv
[06/05/24 22:41:25] "Code_Geass_Lelouch_of_the_Rebellion_[17]_[AniLibria_TV]_[BDRip_1080p_HEVC].mkv" | /home/nik/Downloads/Code Geass R1 - AniLibria.TV [BDRip 1080p HEVC]/Code_Geass_Lelouch_of_the_Rebellion_[17]_[AniLibria_TV]_[BDRip_1080p_HEVC].mkv
[06/05/24 22:55:19] "Code_Geass_Lelouch_of_the_Rebellion_[18]_[AniLibria_TV]_[BDRip_1080p_HEVC].mkv" | /home/nik/Downloads/Code Geass R1 - AniLibria.TV [BDRip 1080p HEVC]/Code_Geass_Lelouch_of_the_Rebellion_[18]_[AniLibria_TV]_[BDRip_1080p_HEVC].mkv
[07/05/24 00:36:39] "Code_Geass_Lelouch_of_the_Rebellion_[22]_[AniLibria_TV]_[BDRip_1080p_HEVC].mkv" | /home/nik/Downloads/Code Geass R1 - AniLibria.TV [BDRip 1080p HEVC]/Code_Geass_Lelouch_of_the_Rebellion_[22]_[AniLibria_TV]_[BDRip_1080p_HEVC].mkv
[07/05/24 00:36:41] "Code_Geass_Lelouch_of_the_Rebellion_[21]_[AniLibria_TV]_[BDRip_1080p_HEVC].mkv" | /home/nik/Downloads/Code Geass R1 - AniLibria.TV [BDRip 1080p HEVC]/Code_Geass_Lelouch_of_the_Rebellion_[21]_[AniLibria_TV]_[BDRip_1080p_HEVC].mkv
[07/05/24 00:36:47] "Code_Geass_Lelouch_of_the_Rebellion_[19]_[AniLibria_TV]_[BDRip_1080p_HEVC].mkv" | /home/nik/Downloads/Code Geass R1 - AniLibria.TV [BDRip 1080p HEVC]/Code_Geass_Lelouch_of_the_Rebellion_[19]_[AniLibria_TV]_[BDRip_1080p_HEVC].mkv
[07/05/24 00:36:58] "Code_Geass_Lelouch_of_the_Rebellion_[20]_[AniLibria_TV]_[BDRip_1080p_HEVC].mkv" | /home/nik/Downloads/Code Geass R1 - AniLibria.TV [BDRip 1080p HEVC]/Code_Geass_Lelouch_of_the_Rebellion_[20]_[AniLibria_TV]_[BDRip_1080p_HEVC].mkv
[09/05/24 17:32:04] "8.5 Запуск nginx в Docker.mp4" | /home/nik/Downloads/courses/[Константин Брюханов, Дмитрий Зайцев] [Skillbox] Профессия DevOps-инженер (2023)/1 Основные курсы/DevOps-инженер. Основы/8. Docker/8.5 Запуск nginx в Docker.mp4
[09/05/24 18:01:33] "8.6 Volume.mp4" | /home/nik/Downloads/courses/[Константин Брюханов, Дмитрий Зайцев] [Skillbox] Профессия DevOps-инженер (2023)/1 Основные курсы/DevOps-инженер. Основы/8. Docker/8.6 Volume.mp4
[09/05/24 18:49:31] "8.7 Пишем Dockerfile для PHP-FPM.mp4" | /home/nik/Downloads/courses/[Константин Брюханов, Дмитрий Зайцев] [Skillbox] Профессия DevOps-инженер (2023)/1 Основные курсы/DevOps-инженер. Основы/8. Docker/8.7 Пишем Dockerfile для PHP-FPM.mp4
[09/05/24 18:49:56] "8.8 Работа с сетью в Docker.mp4" | /home/nik/Downloads/courses/[Константин Брюханов, Дмитрий Зайцев] [Skillbox] Профессия DevOps-инженер (2023)/1 Основные курсы/DevOps-инженер. Основы/8. Docker/8.8 Работа с сетью в Docker.mp4
[09/05/24 18:51:00] "8.9 Docker Compose.mp4" | /home/nik/Downloads/courses/[Константин Брюханов, Дмитрий Зайцев] [Skillbox] Профессия DevOps-инженер (2023)/1 Основные курсы/DevOps-инженер. Основы/8. Docker/8.9 Docker Compose.mp4
[18/05/24 01:01:20] "The.Wire.S03.E01.Time.After.Time" | /home/nik/Downloads/Proslushka.S03.2004.PROPER.TRIPLE.BDRip-AVC.AC3.-HQ-ViDEO/Proslushka.S03.E01.2004.TRIPLE.BDRip-AVC.AC3.-HQ-ViDEO.mkv
[18/05/24 01:01:28] "The.Wire.S03.E02.All.Due.Respect" | /home/nik/Downloads/Proslushka.S03.2004.PROPER.TRIPLE.BDRip-AVC.AC3.-HQ-ViDEO/Proslushka.S03.E02.2004.TRIPLE.BDRip-AVC.AC3.-HQ-ViDEO.mkv
[19/05/24 17:16:16] "2024-05-19 17-15-03.mp4" | /home/nik/Videos/OBS/2024-05-19 17-15-03.mp4
[19/05/24 20:39:35] "The.Wire.S03.E03.Dead.Soldiers" | /home/nik/Downloads/Proslushka.S03.2004.PROPER.TRIPLE.BDRip-AVC.AC3.-HQ-ViDEO/Proslushka.S03.E03.2004.TRIPLE.BDRip-AVC.AC3.-HQ-ViDEO.mkv
[22/05/24 23:46:04] "2024-05-22 23-42-35.mp4" | /home/nik/Videos/OBS/2024-05-22 23-42-35.mp4
[22/05/24 23:46:12] "2024-05-22 23-40-49.mp4" | /home/nik/Videos/OBS/2024-05-22 23-40-49.mp4
[22/05/24 23:47:28] "2024-05-22 23-43-13.mp4" | /home/nik/Videos/OBS/2024-05-22 23-43-13.mp4
[22/05/24 23:47:37] "2024-05-22 23-45-32.mp4" | /home/nik/Videos/OBS/2024-05-22 23-45-32.mp4
[20/06/24 13:28:46] "ITALODISCO" | /home/nik/Music/spotube/ITALODISCO - The Kolors.m4a_
[05/07/24 15:44:34] "Wallpaper-1" | /home/nik/Pictures/1669934871_39b1fd00f495d028f8ac242d05658c1c_orig.mp4
[06/07/24 19:49:13] "9.2 Как устроен Ansible.mp4" | /home/nik/Downloads/courses/[Константин Брюханов, Дмитрий Зайцев] [Skillbox] Профессия DevOps-инженер (2023)/1 Основные курсы/DevOps-инженер. Основы/9. Ansible/9.2 Как устроен Ansible.mp4
[06/07/24 19:55:51] "9.3 Ansible Playbooks.mp4" | /home/nik/Downloads/courses/[Константин Брюханов, Дмитрий Зайцев] [Skillbox] Профессия DevOps-инженер (2023)/1 Основные курсы/DevOps-инженер. Основы/9. Ansible/9.3 Ansible Playbooks.mp4
[07/07/24 07:14:22] "9.1 Разбор практической работы.mp4" | /home/nik/Downloads/courses/[Константин Брюханов, Дмитрий Зайцев] [Skillbox] Профессия DevOps-инженер (2023)/1 Основные курсы/DevOps-инженер. Основы/9. Ansible/9.1 Разбор практической работы.mp4
[07/07/24 07:25:42] "9.4 Ansible Roles.mp4" | /home/nik/Downloads/courses/[Константин Брюханов, Дмитрий Зайцев] [Skillbox] Профессия DevOps-инженер (2023)/1 Основные курсы/DevOps-инженер. Основы/9. Ansible/9.4 Ansible Roles.mp4
[07/07/24 07:31:14] "9.5 Ansible Templates.mp4" | /home/nik/Downloads/courses/[Константин Брюханов, Дмитрий Зайцев] [Skillbox] Профессия DevOps-инженер (2023)/1 Основные курсы/DevOps-инженер. Основы/9. Ansible/9.5 Ansible Templates.mp4
[07/07/24 07:31:31] "10.2 Подходы к тестированию инфраструктурного кода.mp4" | /home/nik/Downloads/courses/[Константин Брюханов, Дмитрий Зайцев] [Skillbox] Профессия DevOps-инженер (2023)/1 Основные курсы/DevOps-инженер. Основы/10. Тестирование инфраструктурного кода/10.2 Подходы к тестированию инфраструктурного кода.mp4
[07/07/24 07:32:20] "1.1 Что значит программировать.mp4" | /home/nik/Downloads/courses/[Константин Брюханов, Дмитрий Зайцев] [Skillbox] Профессия DevOps-инженер (2023)/1 Основные курсы/Основы Python. Часть 1/1. Python intro/1.1 Что значит программировать.mp4
[07/07/24 07:32:52] "1.2 Знакомство с онлайн-редактором. Первая программа.mp4" | /home/nik/Downloads/courses/[Константин Брюханов, Дмитрий Зайцев] [Skillbox] Профессия DevOps-инженер (2023)/1 Основные курсы/Основы Python. Часть 1/1. Python intro/1.2 Знакомство с онлайн-редактором. Первая программа.mp4
[07/07/24 07:33:18] "1.3 Первые ошибки.mp4" | /home/nik/Downloads/courses/[Константин Брюханов, Дмитрий Зайцев] [Skillbox] Профессия DevOps-инженер (2023)/1 Основные курсы/Основы Python. Часть 1/1. Python intro/1.3 Первые ошибки.mp4
[07/07/24 07:33:58] "1.4 Особенности работы с print.mp4" | /home/nik/Downloads/courses/[Константин Брюханов, Дмитрий Зайцев] [Skillbox] Профессия DevOps-инженер (2023)/1 Основные курсы/Основы Python. Часть 1/1. Python intro/1.4 Особенности работы с print.mp4
[07/07/24 07:34:28] "5.1 Разбор домашнего задания.mp4" | /home/nik/Downloads/courses/[Константин Брюханов, Дмитрий Зайцев] [Skillbox] Профессия DevOps-инженер (2023)/1 Основные курсы/Основы Python. Часть 2/5. Базовые коллекции Строки/5.1 Разбор домашнего задания.mp4
[07/07/24 07:34:29] "5.2 Форматирование строк format и f-strings.mp4" | /home/nik/Downloads/courses/[Константин Брюханов, Дмитрий Зайцев] [Skillbox] Профессия DevOps-инженер (2023)/1 Основные курсы/Основы Python. Часть 2/5. Базовые коллекции Строки/5.2 Форматирование строк format и f-strings.mp4
[07/07/24 08:50:03] "9.1 Модуль os генерация путей и метод listdir.mp4" | /home/nik/Downloads/courses/[Константин Брюханов, Дмитрий Зайцев] [Skillbox] Профессия DevOps-инженер (2023)/1 Основные курсы/Основы Python. Часть 2/9. Работа с файлами/9.1 Модуль os генерация путей и метод listdir.mp4
[07/07/24 08:51:04] "9.2 Модуль os проверки.mp4" | /home/nik/Downloads/courses/[Константин Брюханов, Дмитрий Зайцев] [Skillbox] Профессия DevOps-инженер (2023)/1 Основные курсы/Основы Python. Часть 2/9. Работа с файлами/9.2 Модуль os проверки.mp4
[07/07/24 08:51:12] "10.1 Разбор домашнего задания.mp4" | /home/nik/Downloads/courses/[Константин Брюханов, Дмитрий Зайцев] [Skillbox] Профессия DevOps-инженер (2023)/1 Основные курсы/Основы Python. Часть 2/10. Исключения работа с ошибками/10.1 Разбор домашнего задания.mp4
[07/07/24 08:51:38] "10.2 Обработка исключений операторы try except.mp4" | /home/nik/Downloads/courses/[Константин Брюханов, Дмитрий Зайцев] [Skillbox] Профессия DevOps-инженер (2023)/1 Основные курсы/Основы Python. Часть 2/10. Исключения работа с ошибками/10.2 Обработка исключений операторы try except.mp4
[07/07/24 08:51:45] "10.3 Обработка исключений операторы else, finally.mp4" | /home/nik/Downloads/courses/[Константин Брюханов, Дмитрий Зайцев] [Skillbox] Профессия DevOps-инженер (2023)/1 Основные курсы/Основы Python. Часть 2/10. Исключения работа с ошибками/10.3 Обработка исключений операторы else, finally.mp4
[07/07/24 08:51:53] "10.4 Вызов исключений оператор raise.mp4" | /home/nik/Downloads/courses/[Константин Брюханов, Дмитрий Зайцев] [Skillbox] Профессия DevOps-инженер (2023)/1 Основные курсы/Основы Python. Часть 2/10. Исключения работа с ошибками/10.4 Вызов исключений оператор raise.mp4
[07/07/24 08:52:30] "10.5 Context manager оператор with.mp4" | /home/nik/Downloads/courses/[Константин Брюханов, Дмитрий Зайцев] [Skillbox] Профессия DevOps-инженер (2023)/1 Основные курсы/Основы Python. Часть 2/10. Исключения работа с ошибками/10.5 Context manager оператор with.mp4
[07/07/24 08:52:39] "11.2 Классы.mp4" | /home/nik/Downloads/courses/[Константин Брюханов, Дмитрий Зайцев] [Skillbox] Профессия DevOps-инженер (2023)/1 Основные курсы/Основы Python. Часть 2/11. Введение в ООП/11.2 Классы.mp4
[07/07/24 08:52:45] "11.3 Методы класса, аргумент self.mp4" | /home/nik/Downloads/courses/[Константин Брюханов, Дмитрий Зайцев] [Skillbox] Профессия DevOps-инженер (2023)/1 Основные курсы/Основы Python. Часть 2/11. Введение в ООП/11.3 Методы класса, аргумент self.mp4
[07/07/24 08:53:19] "11.4 Конструктор __init__ и работа с несколькими классами.mp4" | /home/nik/Downloads/courses/[Константин Брюханов, Дмитрий Зайцев] [Skillbox] Профессия DevOps-инженер (2023)/1 Основные курсы/Основы Python. Часть 2/11. Введение в ООП/11.4 Конструктор __init__ и работа с несколькими классами.mp4
[07/07/24 08:53:26] "11.5 Определение классов в модулях и их подключение.mp4" | /home/nik/Downloads/courses/[Константин Брюханов, Дмитрий Зайцев] [Skillbox] Профессия DevOps-инженер (2023)/1 Основные курсы/Основы Python. Часть 2/11. Введение в ООП/11.5 Определение классов в модулях и их подключение.mp4
[07/07/24 08:54:23] "12.2 Инкапсуляция и сокрытие данных. Геттеры и сеттеры.mp4" | /home/nik/Downloads/courses/[Константин Брюханов, Дмитрий Зайцев] [Skillbox] Профессия DevOps-инженер (2023)/1 Основные курсы/Основы Python. Часть 2/12. Основные принципы ООП/12.2 Инкапсуляция и сокрытие данных. Геттеры и сеттеры.mp4
[07/07/24 08:58:59] "15.2 Множественное наследование MRO.mp4" | /home/nik/Downloads/courses/[Константин Брюханов, Дмитрий Зайцев] [Skillbox] Профессия DevOps-инженер (2023)/1 Основные курсы/Основы Python. Часть 2/15. Углублённая работа с классами и встроенные декораторы/15.2 Множественное наследование MRO.mp4
[07/07/24 09:03:03] "15.3 Множественное наследование примеси и абстрактные классы.mp4" | /home/nik/Downloads/courses/[Константин Брюханов, Дмитрий Зайцев] [Skillbox] Профессия DevOps-инженер (2023)/1 Основные курсы/Основы Python. Часть 2/15. Углублённая работа с классами и встроенные декораторы/15.3 Множественное наследование примеси и абстрактные классы.mp4
[07/07/24 09:12:24] "15.4 Класс как контекст-менеджер. Методы enter и exit.mp4" | /home/nik/Downloads/courses/[Константин Брюханов, Дмитрий Зайцев] [Skillbox] Профессия DevOps-инженер (2023)/1 Основные курсы/Основы Python. Часть 2/15. Углублённая работа с классами и встроенные декораторы/15.4 Класс как контекст-менеджер. Методы enter и exit.mp4
[07/07/24 09:14:42] "15.5 Методы класса декораторы setter и property.mp4" | /home/nik/Downloads/courses/[Константин Брюханов, Дмитрий Зайцев] [Skillbox] Профессия DevOps-инженер (2023)/1 Основные курсы/Основы Python. Часть 2/15. Углублённая работа с классами и встроенные декораторы/15.5 Методы класса декораторы setter и property.mp4
[07/07/24 09:16:33] "15.6 Методы класса декоратор classmethod.mp4" | /home/nik/Downloads/courses/[Константин Брюханов, Дмитрий Зайцев] [Skillbox] Профессия DevOps-инженер (2023)/1 Основные курсы/Основы Python. Часть 2/15. Углублённая работа с классами и встроенные декораторы/15.6 Методы класса декоратор classmethod.mp4
[07/07/24 10:59:35] "16.1 Разбор домашнего задания.mp4" | /home/nik/Downloads/courses/[Константин Брюханов, Дмитрий Зайцев] [Skillbox] Профессия DevOps-инженер (2023)/1 Основные курсы/Основы Python. Часть 2/16. Декораторы продвинутый уровень/16.1 Разбор домашнего задания.mp4
[07/07/24 11:02:06] "16.2 Декоратор context manager.mp4" | /home/nik/Downloads/courses/[Константин Брюханов, Дмитрий Зайцев] [Skillbox] Профессия DevOps-инженер (2023)/1 Основные курсы/Основы Python. Часть 2/16. Декораторы продвинутый уровень/16.2 Декоратор context manager.mp4
[07/07/24 11:04:59] "16.3 Декораторы с аргументами.mp4" | /home/nik/Downloads/courses/[Константин Брюханов, Дмитрий Зайцев] [Skillbox] Профессия DevOps-инженер (2023)/1 Основные курсы/Основы Python. Часть 2/16. Декораторы продвинутый уровень/16.3 Декораторы с аргументами.mp4
[07/07/24 11:11:18] "16.4 Декораторы для классов.mp4" | /home/nik/Downloads/courses/[Константин Брюханов, Дмитрий Зайцев] [Skillbox] Профессия DevOps-инженер (2023)/1 Основные курсы/Основы Python. Часть 2/16. Декораторы продвинутый уровень/16.4 Декораторы для классов.mp4
[07/07/24 11:16:07] "16.5 Декоратор как класс.mp4" | /home/nik/Downloads/courses/[Константин Брюханов, Дмитрий Зайцев] [Skillbox] Профессия DevOps-инженер (2023)/1 Основные курсы/Основы Python. Часть 2/16. Декораторы продвинутый уровень/16.5 Декоратор как класс.mp4
[07/07/24 16:11:32] "17.2 Пространство имён и области видимости.mp4" | /home/nik/Downloads/courses/[Константин Брюханов, Дмитрий Зайцев] [Skillbox] Профессия DevOps-инженер (2023)/1 Основные курсы/Основы Python. Часть 2/17. Элементы функционального программирования или «Функции конец»/17.2 Пространство имён и области видимости.mp4
[07/07/24 16:11:51] "18.2 Регулярные выражения модуль re и его методы.mp4" | /home/nik/Downloads/courses/[Константин Брюханов, Дмитрий Зайцев] [Skillbox] Профессия DevOps-инженер (2023)/1 Основные курсы/Основы Python. Часть 2/18. Библиотеки для работы с данными/18.2 Регулярные выражения модуль re и его методы.mp4
[07/07/24 16:11:55] "18.3 Регулярные выражения шаблоны.mp4" | /home/nik/Downloads/courses/[Константин Брюханов, Дмитрий Зайцев] [Skillbox] Профессия DevOps-инженер (2023)/1 Основные курсы/Основы Python. Часть 2/18. Библиотеки для работы с данными/18.3 Регулярные выражения шаблоны.mp4
[07/07/24 16:12:18] "18.5 Модуль itertools.mp4" | /home/nik/Downloads/courses/[Константин Брюханов, Дмитрий Зайцев] [Skillbox] Профессия DevOps-инженер (2023)/1 Основные курсы/Основы Python. Часть 2/18. Библиотеки для работы с данными/18.5 Модуль itertools.mp4
[07/07/24 16:13:07] "10.2 Всемирная паутина (World Wide Web).mp4" | /home/nik/Downloads/courses/[Константин Брюханов, Дмитрий Зайцев] [Skillbox] Профессия DevOps-инженер (2023)/1 Основные курсы/Старт в DevOps системное администрирование для начинающих/10. World Wide Web/10.2 Всемирная паутина (World Wide Web).mp4
[07/07/24 16:13:22] "10.3 Протокол HTTP.mp4" | /home/nik/Downloads/courses/[Константин Брюханов, Дмитрий Зайцев] [Skillbox] Профессия DevOps-инженер (2023)/1 Основные курсы/Старт в DevOps системное администрирование для начинающих/10. World Wide Web/10.3 Протокол HTTP.mp4
[07/07/24 16:39:24] "Дом странных детей Мисс Перегрин.2016.UHD.Blu-Ray.Remux.2160.mkv" | /home/nik/Downloads/Дом странных детей Мисс Перегрин.2016.UHD.Blu-Ray.Remux.2160.mkv
